Flutter crash report.
Please report a bug at https://github.com/flutter/flutter/issues.

## command

flutter test --no-pub test\widget_test.dart

## exception

PathExistsException: PathExistsException: Cannot copy file to 'C:\Users\arsha\FocusFlow-Mobile\focusflow-mobile\build\native_assets\windows\sqlite3.dll', path = 'C:\Users\arsha\FocusFlow-Mobile\focusflow-mobile\.dart_tool\hooks_runner\shared\sqlite3\build\download-1a403713\sqlite3.dll' (OS Error: Cannot create a file when that file already exists, errno = 183)

```
#0      _checkForErrorResponse (dart:io/common.dart:58:9)
#1      _File.copy.<anonymous closure> (dart:io/file_impl.dart:410:7)
#2      _rootRunUnary (dart:async/zone.dart:1538:47)
#3      _CustomZone.runUnary (dart:async/zone.dart:1429:19)
<asynchronous suspension>
#4      ForwardingFile.copy (package:file/src/forwarding/forwarding_file.dart:29:51)
<asynchronous suspension>
#5      ForwardingFile.copy (package:file/src/forwarding/forwarding_file.dart:29:51)
<asynchronous suspension>
#6      _copyNativeCodeAssetsToBundleOnWindowsLinux (package:flutter_tools/src/isolated/native_assets/native_assets.dart:649:5)
<asynchronous suspension>
#7      _copyNativeCodeAssetsForOS (package:flutter_tools/src/isolated/native_assets/native_assets.dart:463:7)
<asynchronous suspension>
#8      installCodeAssets (package:flutter_tools/src/isolated/native_assets/native_assets.dart:119:3)
<asynchronous suspension>
#9      testCompilerBuildNativeAssets (package:flutter_tools/src/isolated/native_assets/test/native_assets.dart:79:3)
<asynchronous suspension>
#10     TestCommand.runCommand (package:flutter_tools/src/commands/test.dart:471:11)
<asynchronous suspension>
#11     FlutterCommand.run.<anonymous closure> (package:flutter_tools/src/runner/flutter_command.dart:1559:27)
<asynchronous suspension>
#12     AppContext.run.<anonymous closure> (package:flutter_tools/src/base/context.dart:154:19)
<asynchronous suspension>
#13     CommandRunner.runCommand (package:args/command_runner.dart:212:13)
<asynchronous suspension>
#14     FlutterCommandRunner.runCommand.<anonymous closure> (package:flutter_tools/src/runner/flutter_command_runner.dart:487:9)
<asynchronous suspension>
#15     AppContext.run.<anonymous closure> (package:flutter_tools/src/base/context.dart:154:19)
<asynchronous suspension>
#16     FlutterCommandRunner.runCommand (package:flutter_tools/src/runner/flutter_command_runner.dart:422:5)
<asynchronous suspension>
#17     run.<anonymous closure>.<anonymous closure> (package:flutter_tools/runner.dart:104:11)
<asynchronous suspension>
#18     AppContext.run.<anonymous closure> (package:flutter_tools/src/base/context.dart:154:19)
<asynchronous suspension>
#19     main (package:flutter_tools/executable.dart:103:3)
<asynchronous suspension>
```

## flutter doctor

```
[✓] Flutter (Channel stable, 3.38.9, on Microsoft Windows [Version 10.0.19045.7417], locale en-IN) [542ms]
    • Flutter version 3.38.9 on channel stable at C:\src\flutter
    • Upstream repository https://github.com/flutter/flutter.git
    • Framework revision 67323de285 (5 months ago), 2026-01-28 13:43:12 -0800
    • Engine revision 587c18f873
    • Dart version 3.10.8
    • DevTools version 2.51.1
    • Feature flags: enable-web, enable-linux-desktop, enable-macos-desktop, enable-windows-desktop, enable-android, enable-ios, cli-animations, enable-native-assets, omit-legacy-version-file, enable-lldb-debugging

[✓] Windows Version (10 Home Single Language 64-bit, 22H2, 2009) [10.6s]

[✓] Android toolchain - develop for Android devices (Android SDK version 35.0.0) [9.6s]
    • Android SDK at C:\Users\arsha\AppData\Local\Android\sdk
    • Emulator version 36.2.12.0 (build_id 14214601) (CL:N/A)
    • Platform android-36.1, build-tools 35.0.0
    • Java binary at: C:\Program Files\Android\Android Studio1\jbr\bin\java
      This is the JDK bundled with the latest Android Studio installation on this machine.
      To manually set the JDK path, use: `flutter config --jdk-dir="path/to/jdk"`.
    • Java version OpenJDK Runtime Environment (build 21.0.8+-14196175-b1038.72)
    • All Android licenses accepted.

[✓] Chrome - develop for the web [20ms]
    • Chrome at C:\Program Files\Google\Chrome\Application\chrome.exe

[✗] Visual Studio - develop Windows apps [15ms]
    ✗ Visual Studio not installed; this is necessary to develop Windows apps.
      Download at https://visualstudio.microsoft.com/downloads/.
      Please install the "Desktop development with C++" workload, including all of its default components

[✓] Connected device (3 available) [2.9s]
    • Windows (desktop) • windows • windows-x64    • Microsoft Windows [Version 10.0.19045.7417]
    • Chrome (web)      • chrome  • web-javascript • Google Chrome 148.0.7778.179
    • Edge (web)        • edge    • web-javascript • Microsoft Edge 148.0.3967.96

[✓] Network resources [594ms]
    • All expected network resources are available.

! Doctor found issues in 1 category.
```
